Added Component: Designator=Bootloader(HEADER_1X4)
Added Component: Designator=C1(CAP_FAT)
Added Component: Designator=C2(CAPC1608X08M)
Added Component: Designator=C3(CAPC1608X08M)
Added Component: Designator=C4(CAPC1608X08M)
Added Component: Designator=C5(CAPC1608X08M)
Added Component: Designator=C6(CAPC1608X08M)
Added Component: Designator=C7(CAPC1608X08M)
Added Component: Designator=C8(CAPC1608X08M)
Added Component: Designator=C9(CAPC1608X08M)
Added Component: Designator=C10(CAPC1608X08M)
Added Component: Designator=C11(CAP_FAT)
Added Component: Designator=C12(CAP_FAT)
Added Component: Designator=C13(CAPC2012X11M)
Added Component: Designator=C14(CAPC2012X11M)
Added Component: Designator=C15(CAPC1608X08M)
Added Component: Designator=D1(RESC1608X06M)
Added Component: Designator=D2(RESC1608X06M)
Added Component: Designator=D3(Diode_B530C)
Added Component: Designator=D4(RESC1608X06M)
Added Component: Designator=Display(PCBComponent_1)
Added Component: Designator=F1(RESC3216X07M)
Added Component: Designator=H1(MOUNT_M3)
Added Component: Designator=H2(MOUNT_M3)
Added Component: Designator=H3(MOUNT_M3)
Added Component: Designator=H4(MOUNT_M3)
Added Component: Designator=H5(MOUNT_M3)
Added Component: Designator=H6(MOUNT_M3)
Added Component: Designator=H7(MOUNT_M3)
Added Component: Designator=H8(MOUNT_M3)
Added Component: Designator=H9(MOUNT_M3)
Added Component: Designator=H10(MOUNT_M3)
Added Component: Designator=J1(MINI_USB)
Added Component: Designator=J2(CNCTR_1X3)
Added Component: Designator=J3(CNCTR_1X3)
Added Component: Designator=J4(CNCTR_1X3)
Added Component: Designator=J5(IDC6)
Added Component: Designator=JTAG(IDC10)
Added Component: Designator=L1(DR127)
Added Component: Designator=L2(DR127)
Added Component: Designator=Motor1(IDC10)
Added Component: Designator=Motor2(IDC10)
Added Component: Designator=R1(RESC1608X06M)
Added Component: Designator=R2(RESC1608X06M)
Added Component: Designator=R3(RESC1608X06M)
Added Component: Designator=R4(RESC1608X06M)
Added Component: Designator=R5(RESC1608X06M)
Added Component: Designator=R6(RESC1608X06M)
Added Component: Designator=R7(RESC1608X06M)
Added Component: Designator=R8(RESC1608X06M)
Added Component: Designator=R9(RESC1608X06M)
Added Component: Designator=R10(RESC1608X06M)
Added Component: Designator=R11(RESC1608X06M)
Added Component: Designator=R12(RESC1608X06M)
Added Component: Designator=R13(RESC1608X06M)
Added Component: Designator=R14(RESC1608X06M)
Added Component: Designator=R15(RESC1608X06M)
Added Component: Designator=R16(RESC1608X06M)
Added Component: Designator=R17(RESC1608X06M)
Added Component: Designator=R18(RESC1608X06M)
Added Component: Designator=R19(RESC1608X06M)
Added Component: Designator=R20(RESC1608X06M)
Added Component: Designator=Raspberry Pi(HDR2X20)
Added Component: Designator=Reflex(IDC6)
Added Component: Designator=SW1(Switch_pad)
Added Component: Designator=SW2(Switch_pad)
Added Component: Designator=SW3(Switch_pad)
Added Component: Designator=SW4(Switch_pad)
Added Component: Designator=U1(64A_L)
Added Component: Designator=U2(TO263)
Added Component: Designator=U3(SOT23-5)
Added Component: Designator=Y1(Quartz_HC49US)
Added Component: Designator=Y2(BAT_CNCTR)
Added Pin To Net: NetName=3V3 Pin=C5-2
Added Pin To Net: NetName=3V3 Pin=C7-2
Added Pin To Net: NetName=3V3 Pin=C8-2
Added Pin To Net: NetName=3V3 Pin=C9-2
Added Pin To Net: NetName=3V3 Pin=C10-2
Added Pin To Net: NetName=3V3 Pin=C14-2
Added Pin To Net: NetName=3V3 Pin=D4-1
Added Pin To Net: NetName=3V3 Pin=JTAG-1
Added Pin To Net: NetName=3V3 Pin=R4-2
Added Pin To Net: NetName=3V3 Pin=Reflex-1
Added Pin To Net: NetName=3V3 Pin=U1-2
Added Pin To Net: NetName=3V3 Pin=U1-11
Added Pin To Net: NetName=3V3 Pin=U1-26
Added Pin To Net: NetName=3V3 Pin=U1-42
Added Pin To Net: NetName=3V3 Pin=U1-54
Added Pin To Net: NetName=3V3 Pin=U3-5
Added Net: Name=3V3
Added Pin To Net: NetName=5V Pin=Bootloader-1
Added Pin To Net: NetName=5V Pin=C12-2
Added Pin To Net: NetName=5V Pin=C13-2
Added Pin To Net: NetName=5V Pin=C15-2
Added Pin To Net: NetName=5V Pin=D2-1
Added Pin To Net: NetName=5V Pin=Display-1
Added Pin To Net: NetName=5V Pin=Display-4
Added Pin To Net: NetName=5V Pin=Display-8
Added Pin To Net: NetName=5V Pin=J2-1
Added Pin To Net: NetName=5V Pin=J3-1
Added Pin To Net: NetName=5V Pin=J4-1
Added Pin To Net: NetName=5V Pin=J5-1
Added Pin To Net: NetName=5V Pin=L1-1
Added Pin To Net: NetName=5V Pin=L2-2
Added Pin To Net: NetName=5V Pin=Motor1-1
Added Pin To Net: NetName=5V Pin=Motor2-1
Added Pin To Net: NetName=5V Pin=R17-1
Added Pin To Net: NetName=5V Pin=R18-2
Added Pin To Net: NetName=5V Pin=R19-2
Added Pin To Net: NetName=5V Pin=R20-2
Added Pin To Net: NetName=5V Pin=U2-4
Added Pin To Net: NetName=5V Pin=U3-1
Added Pin To Net: NetName=5V Pin=U3-3
Added Net: Name=5V
Added Pin To Net: NetName=CS Pin=J5-3
Added Pin To Net: NetName=CS Pin=U1-20
Added Net: Name=CS
Added Pin To Net: NetName=GND Pin=Bootloader-2
Added Pin To Net: NetName=GND Pin=C1-1
Added Pin To Net: NetName=GND Pin=C2-1
Added Pin To Net: NetName=GND Pin=C3-2
Added Pin To Net: NetName=GND Pin=C4-2
Added Pin To Net: NetName=GND Pin=C5-1
Added Pin To Net: NetName=GND Pin=C6-1
Added Pin To Net: NetName=GND Pin=C7-1
Added Pin To Net: NetName=GND Pin=C8-1
Added Pin To Net: NetName=GND Pin=C9-1
Added Pin To Net: NetName=GND Pin=C10-1
Added Pin To Net: NetName=GND Pin=C11-1
Added Pin To Net: NetName=GND Pin=C12-1
Added Pin To Net: NetName=GND Pin=C13-1
Added Pin To Net: NetName=GND Pin=C14-1
Added Pin To Net: NetName=GND Pin=C15-1
Added Pin To Net: NetName=GND Pin=D1-2
Added Pin To Net: NetName=GND Pin=D3-1
Added Pin To Net: NetName=GND Pin=Display-5
Added Pin To Net: NetName=GND Pin=Display-10
Added Pin To Net: NetName=GND Pin=H1-1
Added Pin To Net: NetName=GND Pin=H2-1
Added Pin To Net: NetName=GND Pin=H3-1
Added Pin To Net: NetName=GND Pin=H4-1
Added Pin To Net: NetName=GND Pin=H5-1
Added Pin To Net: NetName=GND Pin=H6-1
Added Pin To Net: NetName=GND Pin=H7-1
Added Pin To Net: NetName=GND Pin=H8-1
Added Pin To Net: NetName=GND Pin=H9-1
Added Pin To Net: NetName=GND Pin=H10-1
Added Pin To Net: NetName=GND Pin=J2-2
Added Pin To Net: NetName=GND Pin=J3-2
Added Pin To Net: NetName=GND Pin=J4-2
Added Pin To Net: NetName=GND Pin=J5-2
Added Pin To Net: NetName=GND Pin=JTAG-3
Added Pin To Net: NetName=GND Pin=JTAG-5
Added Pin To Net: NetName=GND Pin=JTAG-9
Added Pin To Net: NetName=GND Pin=Motor1-2
Added Pin To Net: NetName=GND Pin=Motor1-7
Added Pin To Net: NetName=GND Pin=Motor2-2
Added Pin To Net: NetName=GND Pin=Motor2-7
Added Pin To Net: NetName=GND Pin=R1-1
Added Pin To Net: NetName=GND Pin=R7-2
Added Pin To Net: NetName=GND Pin=R11-1
Added Pin To Net: NetName=GND Pin=R12-1
Added Pin To Net: NetName=GND Pin=R13-1
Added Pin To Net: NetName=GND Pin=R15-1
Added Pin To Net: NetName=GND Pin=R16-1
Added Pin To Net: NetName=GND Pin=Raspberry Pi-6
Added Pin To Net: NetName=GND Pin=Raspberry Pi-9
Added Pin To Net: NetName=GND Pin=Raspberry Pi-14
Added Pin To Net: NetName=GND Pin=Raspberry Pi-20
Added Pin To Net: NetName=GND Pin=Raspberry Pi-25
Added Pin To Net: NetName=GND Pin=Raspberry Pi-30
Added Pin To Net: NetName=GND Pin=Raspberry Pi-34
Added Pin To Net: NetName=GND Pin=Raspberry Pi-39
Added Pin To Net: NetName=GND Pin=Reflex-2
Added Pin To Net: NetName=GND Pin=SW1-2
Added Pin To Net: NetName=GND Pin=SW1-2
Added Pin To Net: NetName=GND Pin=SW2-2
Added Pin To Net: NetName=GND Pin=SW2-2
Added Pin To Net: NetName=GND Pin=SW3-2
Added Pin To Net: NetName=GND Pin=SW3-2
Added Pin To Net: NetName=GND Pin=SW4-2
Added Pin To Net: NetName=GND Pin=SW4-2
Added Pin To Net: NetName=GND Pin=U1-3
Added Pin To Net: NetName=GND Pin=U1-12
Added Pin To Net: NetName=GND Pin=U1-27
Added Pin To Net: NetName=GND Pin=U1-32
Added Pin To Net: NetName=GND Pin=U1-34
Added Pin To Net: NetName=GND Pin=U1-35
Added Pin To Net: NetName=GND Pin=U1-37
Added Pin To Net: NetName=GND Pin=U1-39
Added Pin To Net: NetName=GND Pin=U1-55
Added Pin To Net: NetName=GND Pin=U2-3
Added Pin To Net: NetName=GND Pin=U2-5
Added Pin To Net: NetName=GND Pin=U2-PAD
Added Pin To Net: NetName=GND Pin=U3-2
Added Pin To Net: NetName=GND Pin=Y2-2
Added Net: Name=GND
Added Pin To Net: NetName=MOSI Pin=J5-4
Added Pin To Net: NetName=MOSI Pin=U1-22
Added Net: Name=MOSI
Added Pin To Net: NetName=NetBootloader_3 Pin=Bootloader-3
Added Pin To Net: NetName=NetBootloader_3 Pin=U1-18
Added Net: Name=NetBootloader_3
Added Pin To Net: NetName=NetBootloader_4 Pin=Bootloader-4
Added Pin To Net: NetName=NetBootloader_4 Pin=U1-17
Added Net: Name=NetBootloader_4
Added Pin To Net: NetName=NetC1_2 Pin=C1-2
Added Pin To Net: NetName=NetC1_2 Pin=L1-2
Added Pin To Net: NetName=NetC1_2 Pin=Raspberry Pi-2
Added Pin To Net: NetName=NetC1_2 Pin=Raspberry Pi-4
Added Net: Name=NetC1_2
Added Pin To Net: NetName=NetC2_2 Pin=C2-2
Added Pin To Net: NetName=NetC2_2 Pin=JTAG-10
Added Pin To Net: NetName=NetC2_2 Pin=R4-1
Added Pin To Net: NetName=NetC2_2 Pin=R5-1
Added Pin To Net: NetName=NetC2_2 Pin=U1-38
Added Net: Name=NetC2_2
Added Pin To Net: NetName=NetC3_1 Pin=C3-1
Added Pin To Net: NetName=NetC3_1 Pin=U1-41
Added Pin To Net: NetName=NetC3_1 Pin=Y1-1
Added Net: Name=NetC3_1
Added Pin To Net: NetName=NetC4_1 Pin=C4-1
Added Pin To Net: NetName=NetC4_1 Pin=U1-40
Added Pin To Net: NetName=NetC4_1 Pin=Y1-2
Added Net: Name=NetC4_1
Added Pin To Net: NetName=NetC6_2 Pin=C6-2
Added Pin To Net: NetName=NetC6_2 Pin=U1-25
Added Pin To Net: NetName=NetC6_2 Pin=U1-56
Added Net: Name=NetC6_2
Added Pin To Net: NetName=NetC11_2 Pin=C11-2
Added Pin To Net: NetName=NetC11_2 Pin=F1-2
Added Pin To Net: NetName=NetC11_2 Pin=R6-1
Added Pin To Net: NetName=NetC11_2 Pin=R7-1
Added Pin To Net: NetName=NetC11_2 Pin=U2-1
Added Net: Name=NetC11_2
Added Pin To Net: NetName=NetD1_1 Pin=D1-1
Added Pin To Net: NetName=NetD1_1 Pin=R14-2
Added Net: Name=NetD1_1
Added Pin To Net: NetName=NetD2_2 Pin=D2-2
Added Pin To Net: NetName=NetD2_2 Pin=R15-2
Added Net: Name=NetD2_2
Added Pin To Net: NetName=NetD3_2 Pin=D3-2
Added Pin To Net: NetName=NetD3_2 Pin=L2-1
Added Pin To Net: NetName=NetD3_2 Pin=U2-2
Added Net: Name=NetD3_2
Added Pin To Net: NetName=NetD4_2 Pin=D4-2
Added Pin To Net: NetName=NetD4_2 Pin=R16-2
Added Net: Name=NetD4_2
Added Pin To Net: NetName=NetDisplay_9 Pin=Display-9
Added Pin To Net: NetName=NetDisplay_9 Pin=R17-2
Added Net: Name=NetDisplay_9
Added Pin To Net: NetName=NetJ1_1 Pin=J1-1
Added Pin To Net: NetName=NetJ1_1 Pin=R3-2
Added Net: Name=NetJ1_1
Added Pin To Net: NetName=NetJ1_2 Pin=J1-2
Added Pin To Net: NetName=NetJ1_2 Pin=U1-43
Added Net: Name=NetJ1_2
Added Pin To Net: NetName=NetJ1_3 Pin=J1-3
Added Pin To Net: NetName=NetJ1_3 Pin=U1-44
Added Net: Name=NetJ1_3
Added Pin To Net: NetName=NetJ1_4 Pin=J1-4
Added Pin To Net: NetName=NetJ1_4 Pin=R2-2
Added Net: Name=NetJ1_4
Added Pin To Net: NetName=NetJ1_5 Pin=J1-5
Added Pin To Net: NetName=NetJ1_5 Pin=J1-C
Added Pin To Net: NetName=NetJ1_5 Pin=J1-C
Added Pin To Net: NetName=NetJ1_5 Pin=J1-C
Added Pin To Net: NetName=NetJ1_5 Pin=J1-C
Added Pin To Net: NetName=NetJ1_5 Pin=R1-2
Added Net: Name=NetJ1_5
Added Pin To Net: NetName=NetJ2_3 Pin=J2-3
Added Pin To Net: NetName=NetJ2_3 Pin=R8-2
Added Net: Name=NetJ2_3
Added Pin To Net: NetName=NetJ3_3 Pin=J3-3
Added Pin To Net: NetName=NetJ3_3 Pin=R9-2
Added Net: Name=NetJ3_3
Added Pin To Net: NetName=NetJ4_3 Pin=J4-3
Added Pin To Net: NetName=NetJ4_3 Pin=R10-2
Added Net: Name=NetJ4_3
Added Pin To Net: NetName=NetJTAG_2 Pin=JTAG-2
Added Pin To Net: NetName=NetJTAG_2 Pin=U1-51
Added Net: Name=NetJTAG_2
Added Pin To Net: NetName=NetJTAG_4 Pin=JTAG-4
Added Pin To Net: NetName=NetJTAG_4 Pin=U1-52
Added Net: Name=NetJTAG_4
Added Pin To Net: NetName=NetJTAG_6 Pin=JTAG-6
Added Pin To Net: NetName=NetJTAG_6 Pin=U1-49
Added Net: Name=NetJTAG_6
Added Pin To Net: NetName=NetJTAG_8 Pin=JTAG-8
Added Pin To Net: NetName=NetJTAG_8 Pin=U1-50
Added Net: Name=NetJTAG_8
Added Pin To Net: NetName=NetMotor1_3 Pin=Motor1-3
Added Pin To Net: NetName=NetMotor1_3 Pin=U1-8
Added Net: Name=NetMotor1_3
Added Pin To Net: NetName=NetMotor1_4 Pin=Motor1-4
Added Pin To Net: NetName=NetMotor1_4 Pin=U1-9
Added Net: Name=NetMotor1_4
Added Pin To Net: NetName=NetMotor1_5 Pin=Motor1-5
Added Pin To Net: NetName=NetMotor1_5 Pin=U1-7
Added Net: Name=NetMotor1_5
Added Pin To Net: NetName=NetMotor1_6 Pin=Motor1-6
Added Pin To Net: NetName=NetMotor1_6 Pin=U1-6
Added Net: Name=NetMotor1_6
Added Pin To Net: NetName=NetMotor2_3 Pin=Motor2-3
Added Pin To Net: NetName=NetMotor2_3 Pin=U1-13
Added Net: Name=NetMotor2_3
Added Pin To Net: NetName=NetMotor2_4 Pin=Motor2-4
Added Pin To Net: NetName=NetMotor2_4 Pin=U1-14
Added Net: Name=NetMotor2_4
Added Pin To Net: NetName=NetMotor2_5 Pin=Motor2-5
Added Pin To Net: NetName=NetMotor2_5 Pin=U1-16
Added Net: Name=NetMotor2_5
Added Pin To Net: NetName=NetMotor2_6 Pin=Motor2-6
Added Pin To Net: NetName=NetMotor2_6 Pin=U1-15
Added Net: Name=NetMotor2_6
Added Pin To Net: NetName=NetR2_1 Pin=R2-1
Added Pin To Net: NetName=NetR2_1 Pin=U1-45
Added Net: Name=NetR2_1
Added Pin To Net: NetName=NetR3_1 Pin=R3-1
Added Pin To Net: NetName=NetR3_1 Pin=U1-46
Added Net: Name=NetR3_1
Added Pin To Net: NetName=NetR5_2 Pin=R5-2
Added Pin To Net: NetName=NetR5_2 Pin=SW1-1
Added Pin To Net: NetName=NetR5_2 Pin=SW1-1
Added Net: Name=NetR5_2
Added Pin To Net: NetName=NetR6_2 Pin=R6-2
Added Pin To Net: NetName=NetR6_2 Pin=U1-57
Added Net: Name=NetR6_2
Added Pin To Net: NetName=NetR8_1 Pin=R8-1
Added Pin To Net: NetName=NetR8_1 Pin=R11-2
Added Pin To Net: NetName=NetR8_1 Pin=U1-58
Added Net: Name=NetR8_1
Added Pin To Net: NetName=NetR9_1 Pin=R9-1
Added Pin To Net: NetName=NetR9_1 Pin=R12-2
Added Pin To Net: NetName=NetR9_1 Pin=U1-60
Added Net: Name=NetR9_1
Added Pin To Net: NetName=NetR10_1 Pin=R10-1
Added Pin To Net: NetName=NetR10_1 Pin=R13-2
Added Pin To Net: NetName=NetR10_1 Pin=U1-59
Added Net: Name=NetR10_1
Added Pin To Net: NetName=NetR14_1 Pin=R14-1
Added Pin To Net: NetName=NetR14_1 Pin=U1-31
Added Net: Name=NetR14_1
Added Pin To Net: NetName=NetRaspberry Pi_10 Pin=Raspberry Pi-10
Added Pin To Net: NetName=NetRaspberry Pi_10 Pin=U1-10
Added Net: Name=NetRaspberry Pi_10
Added Pin To Net: NetName=NetReflex_3 Pin=Reflex-3
Added Pin To Net: NetName=NetReflex_3 Pin=U1-62
Added Net: Name=NetReflex_3
Added Pin To Net: NetName=NetReflex_4 Pin=Reflex-4
Added Pin To Net: NetName=NetReflex_4 Pin=U1-63
Added Net: Name=NetReflex_4
Added Pin To Net: NetName=NetReflex_5 Pin=Reflex-5
Added Pin To Net: NetName=NetReflex_5 Pin=U1-64
Added Net: Name=NetReflex_5
Added Pin To Net: NetName=NetReflex_6 Pin=Reflex-6
Added Pin To Net: NetName=NetReflex_6 Pin=U1-61
Added Net: Name=NetReflex_6
Added Pin To Net: NetName=PA6/SCL Pin=Display-7
Added Pin To Net: NetName=PA6/SCL Pin=U1-23
Added Net: Name=PA6/SCL
Added Pin To Net: NetName=PA7/SDA Pin=Display-6
Added Pin To Net: NetName=PA7/SDA Pin=U1-24
Added Net: Name=PA7/SDA
Added Pin To Net: NetName=PD6 Pin=Raspberry Pi-8
Added Pin To Net: NetName=PD6 Pin=U1-53
Added Net: Name=PD6
Added Pin To Net: NetName=PF0 Pin=R20-1
Added Pin To Net: NetName=PF0 Pin=SW3-1
Added Pin To Net: NetName=PF0 Pin=SW3-1
Added Pin To Net: NetName=PF0 Pin=U1-28
Added Net: Name=PF0
Added Pin To Net: NetName=PF1 Pin=R19-1
Added Pin To Net: NetName=PF1 Pin=SW2-1
Added Pin To Net: NetName=PF1 Pin=SW2-1
Added Pin To Net: NetName=PF1 Pin=U1-29
Added Net: Name=PF1
Added Pin To Net: NetName=PF2 Pin=R18-1
Added Pin To Net: NetName=PF2 Pin=SW4-1
Added Pin To Net: NetName=PF2 Pin=SW4-1
Added Pin To Net: NetName=PF2 Pin=U1-30
Added Net: Name=PF2
Added Pin To Net: NetName=SCK Pin=J5-5
Added Pin To Net: NetName=SCK Pin=U1-19
Added Net: Name=SCK
Added Pin To Net: NetName=VBAT Pin=F1-1
Added Pin To Net: NetName=VBAT Pin=Y2-1
Added Net: Name=VBAT
Added Class: Name=Display
Added Class: Name=Main
Added Room: Name=Display
Added Room: Name=Main
