Replace Part Bootloader HDR1X4 in H:\TNE095\Main_card\Main.SchDoc with HDR1X4 from std.SchLib
Replace Part C1 POLCAP in H:\TNE095\Main_card\Main.SchDoc with POLCAP from std.SchLib
Replace Part C2 CAP in H:\TNE095\Main_card\Main.SchDoc with CAP from std.SchLib
Replace Part C3 CAP in H:\TNE095\Main_card\Main.SchDoc with CAP from std.SchLib
Replace Part C4 CAP in H:\TNE095\Main_card\Main.SchDoc with CAP from std.SchLib
Replace Part C5 CAP in H:\TNE095\Main_card\Main.SchDoc with CAP from std.SchLib
Replace Part C6 CAP in H:\TNE095\Main_card\Main.SchDoc with CAP from std.SchLib
Replace Part C7 CAP in H:\TNE095\Main_card\Main.SchDoc with CAP from std.SchLib
Replace Part C8 CAP in H:\TNE095\Main_card\Main.SchDoc with CAP from std.SchLib
Replace Part C9 CAP in H:\TNE095\Main_card\Main.SchDoc with CAP from std.SchLib
Replace Part C10 CAP in H:\TNE095\Main_card\Main.SchDoc with CAP from std.SchLib
Replace Part C11 POLCAP in H:\TNE095\Main_card\Main.SchDoc with POLCAP from std.SchLib
Replace Part C12 POLCAP in H:\TNE095\Main_card\Main.SchDoc with POLCAP from std.SchLib
Replace Part C13 CAP in H:\TNE095\Main_card\Main.SchDoc with CAP from std.SchLib
Replace Part C14 CAP in H:\TNE095\Main_card\Main.SchDoc with CAP from std.SchLib
Replace Part C16 CAP in H:\TNE095\Main_card\Main.SchDoc with CAP from std.SchLib
Replace Part D1 LED in H:\TNE095\Main_card\Main.SchDoc with LED from std.SchLib
Replace Part D2 LED in H:\TNE095\Main_card\Main.SchDoc with LED from std.SchLib
Replace Part D3 Diode_B530C in H:\TNE095\Main_card\Main.SchDoc with Diode_B530C from std.SchLib
Replace Part D4 LED in H:\TNE095\Main_card\Main.SchDoc with LED from std.SchLib
Replace Part F1 POLYFUSE in H:\TNE095\Main_card\Main.SchDoc with POLYFUSE from std.SchLib
Replace Part H1 MOUNT_M3 in H:\TNE095\Main_card\Main.SchDoc with MOUNT_M3 from std.SchLib
Replace Part H2 MOUNT_M3 in H:\TNE095\Main_card\Main.SchDoc with MOUNT_M3 from std.SchLib
Replace Part H3 MOUNT_M3 in H:\TNE095\Main_card\Main.SchDoc with MOUNT_M3 from std.SchLib
Replace Part H4 MOUNT_M3 in H:\TNE095\Main_card\Main.SchDoc with MOUNT_M3 from std.SchLib
Replace Part J1 MINI_USB in H:\TNE095\Main_card\Main.SchDoc with MINI_USB from std.SchLib
Replace Part J2 Connector in H:\TNE095\Main_card\Main.SchDoc with Connector from std.SchLib
Replace Part J3 Connector in H:\TNE095\Main_card\Main.SchDoc with Connector from std.SchLib
Replace Part J4 Connector in H:\TNE095\Main_card\Main.SchDoc with Connector from std.SchLib
Replace Part JTAG IDC10 in H:\TNE095\Main_card\Main.SchDoc with IDC10 from std.SchLib
Replace Part L1 DR127 in H:\TNE095\Main_card\Main.SchDoc with DR127 from std.SchLib
Replace Part L2 DR127 in H:\TNE095\Main_card\Main.SchDoc with DR127 from std.SchLib
Replace Part Motor1 IDC10 in H:\TNE095\Main_card\Main.SchDoc with IDC10 from std.SchLib
Replace Part Motor2 IDC10 in H:\TNE095\Main_card\Main.SchDoc with IDC10 from std.SchLib
Replace Part R1 RES in H:\TNE095\Main_card\Main.SchDoc with RES from std.SchLib
Replace Part R2 RES in H:\TNE095\Main_card\Main.SchDoc with RES from std.SchLib
Replace Part R3 RES in H:\TNE095\Main_card\Main.SchDoc with RES from std.SchLib
Replace Part R4 RES in H:\TNE095\Main_card\Main.SchDoc with RES from std.SchLib
Replace Part R5 RES in H:\TNE095\Main_card\Main.SchDoc with RES from std.SchLib
Replace Part R6 RES in H:\TNE095\Main_card\Main.SchDoc with RES from std.SchLib
Replace Part R7 RES in H:\TNE095\Main_card\Main.SchDoc with RES from std.SchLib
Replace Part R8 RES in H:\TNE095\Main_card\Main.SchDoc with RES from std.SchLib
Replace Part R9 RES in H:\TNE095\Main_card\Main.SchDoc with RES from std.SchLib
Replace Part R10 RES in H:\TNE095\Main_card\Main.SchDoc with RES from std.SchLib
Replace Part R11 RES in H:\TNE095\Main_card\Main.SchDoc with RES from std.SchLib
Replace Part R12 RES in H:\TNE095\Main_card\Main.SchDoc with RES from std.SchLib
Replace Part R13 RES in H:\TNE095\Main_card\Main.SchDoc with RES from std.SchLib
Replace Part R14 RES in H:\TNE095\Main_card\Main.SchDoc with RES from std.SchLib
Replace Part R15 RES in H:\TNE095\Main_card\Main.SchDoc with RES from std.SchLib
Replace Part R16 RES in H:\TNE095\Main_card\Main.SchDoc with RES from std.SchLib
Replace Part Raspberry Pi Header 20X2 in H:\TNE095\Main_card\Main.SchDoc with Header 20X2 from Miscellaneous Connectors.IntLib
Replace Part Reflex IDC6 in H:\TNE095\Main_card\Main.SchDoc with IDC6 from std.SchLib
Replace Part SW1 Switch in H:\TNE095\Main_card\Main.SchDoc with Switch from std.SchLib
Replace Part U1 TM4C123GH6PM in H:\TNE095\Main_card\Main.SchDoc with TM4C123GH6PM from TM4c123gh6pm.IntLib
Replace Part U2 LM2596 in H:\TNE095\Main_card\Main.SchDoc with LM2596 from std.SchLib
Replace Part U3 MIC5504-3.3 in H:\TNE095\Main_card\Main.SchDoc with MIC5504-3.3 from std.SchLib
Replace Part Y1 Quartz HC49US in H:\TNE095\Main_card\Main.SchDoc with Quartz HC49US from std.SchLib
Replace Part Y2 BAT_CNCTR in H:\TNE095\Main_card\Main.SchDoc with BAT_CNCTR from std.SchLib
