Added Component: Designator=C1(CAPC2012X11M)
Added Component: Designator=C2(CAPC2012X11M)
Added Component: Designator=J1(IDC6)
Added Component: Designator=J(IDC10)
Added Component: Designator=m1(PCBComponent_1)
Added Component: Designator=R1(RESC2012X07M)
Added Component: Designator=R2(RESC2012X07M)
Added Component: Designator=R3(RESC2012X07M)
Added Component: Designator=R4(RESC2012X07M)
Added Component: Designator=SW1(Switch_pad)
Added Component: Designator=SW2(Switch_pad)
Added Component: Designator=SW3(Switch_pad)
Added Pin To Net: NetName=NetC1_1 Pin=C1-1
Added Pin To Net: NetName=NetC1_1 Pin=m1-2
Added Net: Name=NetC1_1
Added Pin To Net: NetName=NetC1_2 Pin=C1-2
Added Pin To Net: NetName=NetC1_2 Pin=m1-3
Added Net: Name=NetC1_2
Added Pin To Net: NetName=NetC2_1 Pin=C2-1
Added Pin To Net: NetName=NetC2_1 Pin=m1-1
Added Net: Name=NetC2_1
Added Pin To Net: NetName=NetC2_2 Pin=C2-2
Added Pin To Net: NetName=NetC2_2 Pin=J1-1
Added Pin To Net: NetName=NetC2_2 Pin=J-1
Added Pin To Net: NetName=NetC2_2 Pin=m1-4
Added Pin To Net: NetName=NetC2_2 Pin=m1-8
Added Pin To Net: NetName=NetC2_2 Pin=R1-2
Added Pin To Net: NetName=NetC2_2 Pin=R2-2
Added Pin To Net: NetName=NetC2_2 Pin=R3-2
Added Pin To Net: NetName=NetC2_2 Pin=R4-1
Added Net: Name=NetC2_2
Added Pin To Net: NetName=NetJ1_2 Pin=J1-2
Added Pin To Net: NetName=NetJ1_2 Pin=J-2
Added Pin To Net: NetName=NetJ1_2 Pin=m1-5
Added Pin To Net: NetName=NetJ1_2 Pin=m1-10
Added Pin To Net: NetName=NetJ1_2 Pin=SW1-2
Added Pin To Net: NetName=NetJ1_2 Pin=SW1-2
Added Pin To Net: NetName=NetJ1_2 Pin=SW2-2
Added Pin To Net: NetName=NetJ1_2 Pin=SW2-2
Added Pin To Net: NetName=NetJ1_2 Pin=SW3-2
Added Pin To Net: NetName=NetJ1_2 Pin=SW3-2
Added Net: Name=NetJ1_2
Added Pin To Net: NetName=NetJ1_3 Pin=J1-3
Added Pin To Net: NetName=NetJ1_3 Pin=J-5
Added Net: Name=NetJ1_3
Added Pin To Net: NetName=NetJ1_5 Pin=J1-5
Added Pin To Net: NetName=NetJ1_5 Pin=J-7
Added Net: Name=NetJ1_5
Added Pin To Net: NetName=NetJ_3 Pin=J-3
Added Pin To Net: NetName=NetJ_3 Pin=m1-7
Added Net: Name=NetJ_3
Added Pin To Net: NetName=NetJ_4 Pin=J-4
Added Pin To Net: NetName=NetJ_4 Pin=m1-6
Added Net: Name=NetJ_4
Added Pin To Net: NetName=NetJ_6 Pin=J-6
Added Pin To Net: NetName=NetJ_6 Pin=R3-1
Added Pin To Net: NetName=NetJ_6 Pin=SW3-1
Added Pin To Net: NetName=NetJ_6 Pin=SW3-1
Added Net: Name=NetJ_6
Added Pin To Net: NetName=NetJ_8 Pin=J-8
Added Pin To Net: NetName=NetJ_8 Pin=R2-1
Added Pin To Net: NetName=NetJ_8 Pin=SW2-1
Added Pin To Net: NetName=NetJ_8 Pin=SW2-1
Added Net: Name=NetJ_8
Added Pin To Net: NetName=NetJ_10 Pin=J-10
Added Pin To Net: NetName=NetJ_10 Pin=R1-1
Added Pin To Net: NetName=NetJ_10 Pin=SW1-1
Added Pin To Net: NetName=NetJ_10 Pin=SW1-1
Added Net: Name=NetJ_10
Added Pin To Net: NetName=Netm1_9 Pin=m1-9
Added Pin To Net: NetName=Netm1_9 Pin=R4-2
Added Net: Name=Netm1_9
Added Class: Name=displaykort
Added Room: Name=displaykort
