Replace Part C? CAP in D:\kandidat\Kandidat\hbridge\H-bridge\hbridge.SchDoc with CAP from std.SchLib
Replace Part C? CAP in D:\kandidat\Kandidat\hbridge\H-bridge\hbridge.SchDoc with CAP from std.SchLib
Replace Part C? CAP in D:\kandidat\Kandidat\hbridge\H-bridge\hbridge.SchDoc with CAP from std.SchLib
Replace Part C? CAP in D:\kandidat\Kandidat\hbridge\H-bridge\hbridge.SchDoc with CAP from std.SchLib
Replace Part C? CAP in D:\kandidat\Kandidat\hbridge\H-bridge\hbridge.SchDoc with CAP from std.SchLib
Replace Part C? CAP in D:\kandidat\Kandidat\hbridge\H-bridge\hbridge.SchDoc with CAP from std.SchLib
Replace Part C? CAP in D:\kandidat\Kandidat\hbridge\H-bridge\hbridge.SchDoc with CAP from std.SchLib
Replace Part C? CAP in D:\kandidat\Kandidat\hbridge\H-bridge\hbridge.SchDoc with CAP from std.SchLib
Replace Part C? CAP in D:\kandidat\Kandidat\hbridge\H-bridge\hbridge.SchDoc with CAP from std.SchLib
Replace Part Q1 PSMN014-10YS in D:\kandidat\Kandidat\hbridge\H-bridge\hbridge.SchDoc with PSMN014-10YS from mosfets.SchLib
Replace Part Q2 PSMN014-10YS in D:\kandidat\Kandidat\hbridge\H-bridge\hbridge.SchDoc with PSMN014-10YS from mosfets.SchLib
Replace Part Q3 PSMN014-10YS in D:\kandidat\Kandidat\hbridge\H-bridge\hbridge.SchDoc with PSMN014-10YS from mosfets.SchLib
Replace Part Q4 PSMN014-10YS in D:\kandidat\Kandidat\hbridge\H-bridge\hbridge.SchDoc with PSMN014-10YS from mosfets.SchLib
Replace Part Q5 2N3904 in D:\kandidat\Kandidat\hbridge\H-bridge\hbridge.SchDoc with 2N3904 from Miscellaneous Devices.IntLib
Replace Part R5 Res2 in D:\kandidat\Kandidat\hbridge\H-bridge\hbridge.SchDoc with Res2 from Miscellaneous Devices.IntLib
Replace Part R6 Res2 in D:\kandidat\Kandidat\hbridge\H-bridge\hbridge.SchDoc with Res2 from Miscellaneous Devices.IntLib
Replace Part R7 Res2 in D:\kandidat\Kandidat\hbridge\H-bridge\hbridge.SchDoc with Res2 from Miscellaneous Devices.IntLib
Replace Part R8 Res2 in D:\kandidat\Kandidat\hbridge\H-bridge\hbridge.SchDoc with Res2 from Miscellaneous Devices.IntLib
Replace Part R9 Res2 in D:\kandidat\Kandidat\hbridge\H-bridge\hbridge.SchDoc with Res2 from Miscellaneous Devices.IntLib
Replace Part R10 Res2 in D:\kandidat\Kandidat\hbridge\H-bridge\hbridge.SchDoc with Res2 from Miscellaneous Devices.IntLib
Replace Part R11 Res2 in D:\kandidat\Kandidat\hbridge\H-bridge\hbridge.SchDoc with Res2 from Miscellaneous Devices.IntLib
Replace Part R12 Res2 in D:\kandidat\Kandidat\hbridge\H-bridge\hbridge.SchDoc with Res2 from Miscellaneous Devices.IntLib
Replace Part R? RES in D:\kandidat\Kandidat\hbridge\H-bridge\hbridge.SchDoc with RES from std.SchLib
Replace Part R? RES in D:\kandidat\Kandidat\hbridge\H-bridge\hbridge.SchDoc with RES from std.SchLib
Replace Part R? RES in D:\kandidat\Kandidat\hbridge\H-bridge\hbridge.SchDoc with RES from std.SchLib
Replace Part R? RES in D:\kandidat\Kandidat\hbridge\H-bridge\hbridge.SchDoc with RES from std.SchLib
Replace Part Rs1 Res2 in D:\kandidat\Kandidat\hbridge\H-bridge\hbridge.SchDoc with Res2 from Miscellaneous Devices.IntLib
Replace Part U3 MIC4605-1YM in D:\kandidat\Kandidat\hbridge\H-bridge\hbridge.SchDoc with MIC4605-1YM from mosfets.SchLib
Replace Part U4 MIC4605-1YM in D:\kandidat\Kandidat\hbridge\H-bridge\hbridge.SchDoc with MIC4605-1YM from mosfets.SchLib
Replace Part U5 LM358PWR in D:\kandidat\Kandidat\hbridge\H-bridge\hbridge.SchDoc with LM358PWR from std.SchLib
Replace Part U5 LM358PWR in D:\kandidat\Kandidat\hbridge\H-bridge\hbridge.SchDoc with LM358PWR from std.SchLib
Replace Part U5 LM358PWR in D:\kandidat\Kandidat\hbridge\H-bridge\hbridge.SchDoc with LM358PWR from std.SchLib
Replace Part VBAT BAT_CNCTR in D:\kandidat\Kandidat\hbridge\H-bridge\hbridge.SchDoc with BAT_CNCTR from std.SchLib
